<?xml version="1.0" encoding="UTF-8"?>
<testsuite xmlns:xsi="http://www.w3.org/2001/XMLSchema-instance" xsi:noNamespaceSchemaLocation="https://maven.apache.org/surefire/maven-surefire-plugin/xsd/surefire-test-report-3.0.xsd" version="3.0" name="com.booking.main.DigitalBookingApplicationTests" time="14.683" tests="1" errors="0" skipped="0" failures="0">
  <properties>
    <property name="java.specification.version" value="16"/>
    <property name="sun.jnu.encoding" value="UTF-8"/>
    <property name="java.class.path" value="/home/maui-128/Documents/Documentos/Cursos/Globant-mercadoLibre/cuartoBimestre/repositorio/grupo-6/digitalBooking/target/test-classes:/home/maui-128/Documents/Documentos/Cursos/Globant-mercadoLibre/cuartoBimestre/repositorio/grupo-6/digitalBooking/target/classes:/home/maui-128/.m2/repository/org/junit/jupiter/junit-jupiter-engine/5.5.2/junit-jupiter-engine-5.5.2.jar:/home/maui-128/.m2/repository/org/apiguardian/apiguardian-api/1.1.0/apiguardian-api-1.1.0.jar:/home/maui-128/.m2/repository/org/junit/platform/junit-platform-engine/1.7.2/junit-platform-engine-1.7.2.jar:/home/maui-128/.m2/repository/org/junit/jupiter/junit-jupiter-api/5.5.2/junit-jupiter-api-5.5.2.jar:/home/maui-128/.m2/repository/org/opentest4j/opentest4j/1.2.0/opentest4j-1.2.0.jar:/home/maui-128/.m2/repository/org/junit/platform/junit-platform-commons/1.7.2/junit-platform-commons-1.7.2.jar:/home/maui-128/.m2/repository/org/apache/logging/log4j/log4j-api/2.12.1/log4j-api-2.12.1.jar:/home/maui-128/.m2/repository/org/apache/logging/log4j/log4j-core/2.12.1/log4j-core-2.12.1.jar:/home/maui-128/.m2/repository/org/springframework/boot/spring-boot-starter-data-jpa/2.5.5/spring-boot-starter-data-jpa-2.5.5.jar:/home/maui-128/.m2/repository/org/springframework/boot/spring-boot-starter-aop/2.5.5/spring-boot-starter-aop-2.5.5.jar:/home/maui-128/.m2/repository/org/aspectj/aspectjweaver/1.9.7/aspectjweaver-1.9.7.jar:/home/maui-128/.m2/repository/org/springframework/boot/spring-boot-starter-jdbc/2.5.5/spring-boot-starter-jdbc-2.5.5.jar:/home/maui-128/.m2/repository/com/zaxxer/HikariCP/4.0.3/HikariCP-4.0.3.jar:/home/maui-128/.m2/repository/org/springframework/spring-jdbc/5.3.10/spring-jdbc-5.3.10.jar:/home/maui-128/.m2/repository/jakarta/transaction/jakarta.transaction-api/1.3.3/jakarta.transaction-api-1.3.3.jar:/home/maui-128/.m2/repository/jakarta/persistence/jakarta.persistence-api/2.2.3/jakarta.persistence-api-2.2.3.jar:/home/maui-128/.m2/repository/org/hibernate/hibernate-core/5.4.32.Final/hibernate-core-5.4.32.Final.jar:/home/maui-128/.m2/repository/org/jboss/logging/jboss-logging/3.4.2.Final/jboss-logging-3.4.2.Final.jar:/home/maui-128/.m2/repository/org/javassist/javassist/3.27.0-GA/javassist-3.27.0-GA.jar:/home/maui-128/.m2/repository/net/bytebuddy/byte-buddy/1.10.22/byte-buddy-1.10.22.jar:/home/maui-128/.m2/repository/antlr/antlr/2.7.7/antlr-2.7.7.jar:/home/maui-128/.m2/repository/org/jboss/jandex/2.2.3.Final/jandex-2.2.3.Final.jar:/home/maui-128/.m2/repository/com/fasterxml/classmate/1.5.1/classmate-1.5.1.jar:/home/maui-128/.m2/repository/org/dom4j/dom4j/2.1.3/dom4j-2.1.3.jar:/home/maui-128/.m2/repository/org/hibernate/common/hibernate-commons-annotations/5.1.2.Final/hibernate-commons-annotations-5.1.2.Final.jar:/home/maui-128/.m2/repository/org/glassfish/jaxb/jaxb-runtime/2.3.5/jaxb-runtime-2.3.5.jar:/home/maui-128/.m2/repository/org/glassfish/jaxb/txw2/2.3.5/txw2-2.3.5.jar:/home/maui-128/.m2/repository/com/sun/istack/istack-commons-runtime/3.0.12/istack-commons-runtime-3.0.12.jar:/home/maui-128/.m2/repository/com/sun/activation/jakarta.activation/1.2.2/jakarta.activation-1.2.2.jar:/home/maui-128/.m2/repository/org/springframework/data/spring-data-jpa/2.5.5/spring-data-jpa-2.5.5.jar:/home/maui-128/.m2/repository/org/springframework/data/spring-data-commons/2.5.5/spring-data-commons-2.5.5.jar:/home/maui-128/.m2/repository/org/springframework/spring-orm/5.3.10/spring-orm-5.3.10.jar:/home/maui-128/.m2/repository/org/springframework/spring-context/5.3.10/spring-context-5.3.10.jar:/home/maui-128/.m2/repository/org/springframework/spring-tx/5.3.10/spring-tx-5.3.10.jar:/home/maui-128/.m2/repository/org/springframework/spring-aspects/5.3.10/spring-aspects-5.3.10.jar:/home/maui-128/.m2/repository/org/springframework/boot/spring-boot-starter-web/2.5.5/spring-boot-starter-web-2.5.5.jar:/home/maui-128/.m2/repository/org/springframework/boot/spring-boot-starter/2.5.5/spring-boot-starter-2.5.5.jar:/home/maui-128/.m2/repository/org/springframework/boot/spring-boot/2.5.5/spring-boot-2.5.5.jar:/home/maui-128/.m2/repository/org/springframework/boot/spring-boot-autoconfigure/2.5.5/spring-boot-autoconfigure-2.5.5.jar:/home/maui-128/.m2/repository/org/springframework/boot/spring-boot-starter-logging/2.5.5/spring-boot-starter-logging-2.5.5.jar:/home/maui-128/.m2/repository/ch/qos/logback/logback-classic/1.2.6/logback-classic-1.2.6.jar:/home/maui-128/.m2/repository/ch/qos/logback/logback-core/1.2.6/logback-core-1.2.6.jar:/home/maui-128/.m2/repository/org/apache/logging/log4j/log4j-to-slf4j/2.14.1/log4j-to-slf4j-2.14.1.jar:/home/maui-128/.m2/repository/org/slf4j/jul-to-slf4j/1.7.32/jul-to-slf4j-1.7.32.jar:/home/maui-128/.m2/repository/jakarta/annotation/jakarta.annotation-api/1.3.5/jakarta.annotation-api-1.3.5.jar:/home/maui-128/.m2/repository/org/yaml/snakeyaml/1.28/snakeyaml-1.28.jar:/home/maui-128/.m2/repository/org/springframework/boot/spring-boot-starter-json/2.5.5/spring-boot-starter-json-2.5.5.jar:/home/maui-128/.m2/repository/com/fasterxml/jackson/core/jackson-databind/2.12.5/jackson-databind-2.12.5.jar:/home/maui-128/.m2/repository/com/fasterxml/jackson/core/jackson-annotations/2.12.5/jackson-annotations-2.12.5.jar:/home/maui-128/.m2/repository/com/fasterxml/jackson/datatype/jackson-datatype-jdk8/2.12.5/jackson-datatype-jdk8-2.12.5.jar:/home/maui-128/.m2/repository/com/fasterxml/jackson/datatype/jackson-datatype-jsr310/2.12.5/jackson-datatype-jsr310-2.12.5.jar:/home/maui-128/.m2/repository/com/fasterxml/jackson/module/jackson-module-parameter-names/2.12.5/jackson-module-parameter-names-2.12.5.jar:/home/maui-128/.m2/repository/org/springframework/boot/spring-boot-starter-tomcat/2.5.5/spring-boot-starter-tomcat-2.5.5.jar:/home/maui-128/.m2/repository/org/apache/tomcat/embed/tomcat-embed-core/9.0.53/tomcat-embed-core-9.0.53.jar:/home/maui-128/.m2/repository/org/apache/tomcat/embed/tomcat-embed-el/9.0.53/tomcat-embed-el-9.0.53.jar:/home/maui-128/.m2/repository/org/apache/tomcat/embed/tomcat-embed-websocket/9.0.53/tomcat-embed-websocket-9.0.53.jar:/home/maui-128/.m2/repository/org/springframework/spring-web/5.3.10/spring-web-5.3.10.jar:/home/maui-128/.m2/repository/org/springframework/spring-webmvc/5.3.10/spring-webmvc-5.3.10.jar:/home/maui-128/.m2/repository/org/springframework/spring-expression/5.3.10/spring-expression-5.3.10.jar:/home/maui-128/.m2/repository/mysql/mysql-connector-java/8.0.26/mysql-connector-java-8.0.26.jar:/home/maui-128/.m2/repository/org/projectlombok/lombok/1.18.20/lombok-1.18.20.jar:/home/maui-128/.m2/repository/org/springframework/boot/spring-boot-starter-test/2.5.5/spring-boot-starter-test-2.5.5.jar:/home/maui-128/.m2/repository/org/springframework/boot/spring-boot-test/2.5.5/spring-boot-test-2.5.5.jar:/home/maui-128/.m2/repository/org/springframework/boot/spring-boot-test-autoconfigure/2.5.5/spring-boot-test-autoconfigure-2.5.5.jar:/home/maui-128/.m2/repository/com/jayway/jsonpath/json-path/2.5.0/json-path-2.5.0.jar:/home/maui-128/.m2/repository/net/minidev/json-smart/2.4.7/json-smart-2.4.7.jar:/home/maui-128/.m2/repository/net/minidev/accessors-smart/2.4.7/accessors-smart-2.4.7.jar:/home/maui-128/.m2/repository/org/ow2/asm/asm/9.1/asm-9.1.jar:/home/maui-128/.m2/repository/jakarta/xml/bind/jakarta.xml.bind-api/2.3.3/jakarta.xml.bind-api-2.3.3.jar:/home/maui-128/.m2/repository/jakarta/activation/jakarta.activation-api/1.2.2/jakarta.activation-api-1.2.2.jar:/home/maui-128/.m2/repository/org/assertj/assertj-core/3.19.0/assertj-core-3.19.0.jar:/home/maui-128/.m2/repository/org/hamcrest/hamcrest/2.2/hamcrest-2.2.jar:/home/maui-128/.m2/repository/org/junit/jupiter/junit-jupiter/5.7.2/junit-jupiter-5.7.2.jar:/home/maui-128/.m2/repository/org/junit/jupiter/junit-jupiter-params/5.7.2/junit-jupiter-params-5.7.2.jar:/home/maui-128/.m2/repository/org/mockito/mockito-core/3.9.0/mockito-core-3.9.0.jar:/home/maui-128/.m2/repository/net/bytebuddy/byte-buddy-agent/1.10.22/byte-buddy-agent-1.10.22.jar:/home/maui-128/.m2/repository/org/objenesis/objenesis/3.2/objenesis-3.2.jar:/home/maui-128/.m2/repository/org/mockito/mockito-junit-jupiter/3.9.0/mockito-junit-jupiter-3.9.0.jar:/home/maui-128/.m2/repository/org/skyscreamer/jsonassert/1.5.0/jsonassert-1.5.0.jar:/home/maui-128/.m2/repository/com/vaadin/external/google/android-json/0.0.20131108.vaadin1/android-json-0.0.20131108.vaadin1.jar:/home/maui-128/.m2/repository/org/springframework/spring-core/5.3.10/spring-core-5.3.10.jar:/home/maui-128/.m2/repository/org/springframework/spring-jcl/5.3.10/spring-jcl-5.3.10.jar:/home/maui-128/.m2/repository/org/springframework/spring-test/5.3.10/spring-test-5.3.10.jar:/home/maui-128/.m2/repository/org/xmlunit/xmlunit-core/2.8.2/xmlunit-core-2.8.2.jar:/home/maui-128/.m2/repository/org/springframework/security/spring-security-test/5.5.2/spring-security-test-5.5.2.jar:/home/maui-128/.m2/repository/org/springframework/security/spring-security-core/5.5.2/spring-security-core-5.5.2.jar:/home/maui-128/.m2/repository/org/springframework/security/spring-security-crypto/5.5.2/spring-security-crypto-5.5.2.jar:/home/maui-128/.m2/repository/org/springframework/security/spring-security-web/5.5.2/spring-security-web-5.5.2.jar:/home/maui-128/.m2/repository/org/springdoc/springdoc-openapi-ui/1.5.2/springdoc-openapi-ui-1.5.2.jar:/home/maui-128/.m2/repository/org/springdoc/springdoc-openapi-webmvc-core/1.5.2/springdoc-openapi-webmvc-core-1.5.2.jar:/home/maui-128/.m2/repository/org/springdoc/springdoc-openapi-common/1.5.2/springdoc-openapi-common-1.5.2.jar:/home/maui-128/.m2/repository/io/swagger/core/v3/swagger-models/2.1.6/swagger-models-2.1.6.jar:/home/maui-128/.m2/repository/io/swagger/core/v3/swagger-annotations/2.1.6/swagger-annotations-2.1.6.jar:/home/maui-128/.m2/repository/io/swagger/core/v3/swagger-integration/2.1.6/swagger-integration-2.1.6.jar:/home/maui-128/.m2/repository/io/swagger/core/v3/swagger-core/2.1.6/swagger-core-2.1.6.jar:/home/maui-128/.m2/repository/com/fasterxml/jackson/dataformat/jackson-dataformat-yaml/2.12.5/jackson-dataformat-yaml-2.12.5.jar:/home/maui-128/.m2/repository/jakarta/validation/jakarta.validation-api/2.0.2/jakarta.validation-api-2.0.2.jar:/home/maui-128/.m2/repository/io/github/classgraph/classgraph/4.8.69/classgraph-4.8.69.jar:/home/maui-128/.m2/repository/org/webjars/swagger-ui/3.38.0/swagger-ui-3.38.0.jar:/home/maui-128/.m2/repository/org/webjars/webjars-locator-core/0.46/webjars-locator-core-0.46.jar:/home/maui-128/.m2/repository/com/fasterxml/jackson/core/jackson-core/2.12.5/jackson-core-2.12.5.jar:/home/maui-128/.m2/repository/commons-io/commons-io/2.6/commons-io-2.6.jar:/home/maui-128/.m2/repository/org/apache/commons/commons-lang3/3.12.0/commons-lang3-3.12.0.jar:/home/maui-128/.m2/repository/org/springframework/cloud/spring-cloud-aws-core/2.2.6.RELEASE/spring-cloud-aws-core-2.2.6.RELEASE.jar:/home/maui-128/.m2/repository/org/springframework/spring-beans/5.3.10/spring-beans-5.3.10.jar:/home/maui-128/.m2/repository/org/springframework/spring-aop/5.3.10/spring-aop-5.3.10.jar:/home/maui-128/.m2/repository/com/amazonaws/aws-java-sdk-core/1.11.792/aws-java-sdk-core-1.11.792.jar:/home/maui-128/.m2/repository/org/apache/httpcomponents/httpclient/4.5.13/httpclient-4.5.13.jar:/home/maui-128/.m2/repository/org/apache/httpcomponents/httpcore/4.4.14/httpcore-4.4.14.jar:/home/maui-128/.m2/repository/commons-codec/commons-codec/1.15/commons-codec-1.15.jar:/home/maui-128/.m2/repository/software/amazon/ion/ion-java/1.0.2/ion-java-1.0.2.jar:/home/maui-128/.m2/repository/com/fasterxml/jackson/dataformat/jackson-dataformat-cbor/2.12.5/jackson-dataformat-cbor-2.12.5.jar:/home/maui-128/.m2/repository/joda-time/joda-time/2.8.1/joda-time-2.8.1.jar:/home/maui-128/.m2/repository/com/amazonaws/aws-java-sdk-s3/1.11.792/aws-java-sdk-s3-1.11.792.jar:/home/maui-128/.m2/repository/com/amazonaws/aws-java-sdk-kms/1.11.792/aws-java-sdk-kms-1.11.792.jar:/home/maui-128/.m2/repository/com/amazonaws/jmespath-java/1.11.792/jmespath-java-1.11.792.jar:/home/maui-128/.m2/repository/com/amazonaws/aws-java-sdk-ec2/1.11.792/aws-java-sdk-ec2-1.11.792.jar:/home/maui-128/.m2/repository/com/amazonaws/aws-java-sdk-cloudformation/1.11.792/aws-java-sdk-cloudformation-1.11.792.jar:/home/maui-128/.m2/repository/org/slf4j/slf4j-api/1.7.32/slf4j-api-1.7.32.jar:/home/maui-128/.m2/repository/javax/activation/javax.activation-api/1.2.0/javax.activation-api-1.2.0.jar:"/>
    <property name="java.vm.vendor" value="Oracle Corporation"/>
    <property name="sun.arch.data.model" value="64"/>
    <property name="java.vendor.url" value="https://java.oracle.com/"/>
    <property name="user.timezone" value="America/Bogota"/>
    <property name="os.name" value="Linux"/>
    <property name="java.vm.specification.version" value="16"/>
    <property name="sun.java.launcher" value="SUN_STANDARD"/>
    <property name="user.country" value="US"/>
    <property name="sun.boot.library.path" value="/usr/lib/jvm/jdk-16.0.2/lib"/>
    <property name="sun.java.command" value="/home/maui-128/Documents/Documentos/Cursos/Globant-mercadoLibre/cuartoBimestre/repositorio/grupo-6/digitalBooking/target/surefire/surefirebooter17590221247328687961.jar /home/maui-128/Documents/Documentos/Cursos/Globant-mercadoLibre/cuartoBimestre/repositorio/grupo-6/digitalBooking/target/surefire 2021-11-16T12-08-27_777-jvmRun1 surefire6699434616418245120tmp surefire_013377736636455949950tmp"/>
    <property name="jdk.debug" value="release"/>
    <property name="surefire.test.class.path" value="/home/maui-128/Documents/Documentos/Cursos/Globant-mercadoLibre/cuartoBimestre/repositorio/grupo-6/digitalBooking/target/test-classes:/home/maui-128/Documents/Documentos/Cursos/Globant-mercadoLibre/cuartoBimestre/repositorio/grupo-6/digitalBooking/target/classes:/home/maui-128/.m2/repository/org/junit/jupiter/junit-jupiter-engine/5.5.2/junit-jupiter-engine-5.5.2.jar:/home/maui-128/.m2/repository/org/apiguardian/apiguardian-api/1.1.0/apiguardian-api-1.1.0.jar:/home/maui-128/.m2/repository/org/junit/platform/junit-platform-engine/1.7.2/junit-platform-engine-1.7.2.jar:/home/maui-128/.m2/repository/org/junit/jupiter/junit-jupiter-api/5.5.2/junit-jupiter-api-5.5.2.jar:/home/maui-128/.m2/repository/org/opentest4j/opentest4j/1.2.0/opentest4j-1.2.0.jar:/home/maui-128/.m2/repository/org/junit/platform/junit-platform-commons/1.7.2/junit-platform-commons-1.7.2.jar:/home/maui-128/.m2/repository/org/apache/logging/log4j/log4j-api/2.12.1/log4j-api-2.12.1.jar:/home/maui-128/.m2/repository/org/apache/logging/log4j/log4j-core/2.12.1/log4j-core-2.12.1.jar:/home/maui-128/.m2/repository/org/springframework/boot/spring-boot-starter-data-jpa/2.5.5/spring-boot-starter-data-jpa-2.5.5.jar:/home/maui-128/.m2/repository/org/springframework/boot/spring-boot-starter-aop/2.5.5/spring-boot-starter-aop-2.5.5.jar:/home/maui-128/.m2/repository/org/aspectj/aspectjweaver/1.9.7/aspectjweaver-1.9.7.jar:/home/maui-128/.m2/repository/org/springframework/boot/spring-boot-starter-jdbc/2.5.5/spring-boot-starter-jdbc-2.5.5.jar:/home/maui-128/.m2/repository/com/zaxxer/HikariCP/4.0.3/HikariCP-4.0.3.jar:/home/maui-128/.m2/repository/org/springframework/spring-jdbc/5.3.10/spring-jdbc-5.3.10.jar:/home/maui-128/.m2/repository/jakarta/transaction/jakarta.transaction-api/1.3.3/jakarta.transaction-api-1.3.3.jar:/home/maui-128/.m2/repository/jakarta/persistence/jakarta.persistence-api/2.2.3/jakarta.persistence-api-2.2.3.jar:/home/maui-128/.m2/repository/org/hibernate/hibernate-core/5.4.32.Final/hibernate-core-5.4.32.Final.jar:/home/maui-128/.m2/repository/org/jboss/logging/jboss-logging/3.4.2.Final/jboss-logging-3.4.2.Final.jar:/home/maui-128/.m2/repository/org/javassist/javassist/3.27.0-GA/javassist-3.27.0-GA.jar:/home/maui-128/.m2/repository/net/bytebuddy/byte-buddy/1.10.22/byte-buddy-1.10.22.jar:/home/maui-128/.m2/repository/antlr/antlr/2.7.7/antlr-2.7.7.jar:/home/maui-128/.m2/repository/org/jboss/jandex/2.2.3.Final/jandex-2.2.3.Final.jar:/home/maui-128/.m2/repository/com/fasterxml/classmate/1.5.1/classmate-1.5.1.jar:/home/maui-128/.m2/repository/org/dom4j/dom4j/2.1.3/dom4j-2.1.3.jar:/home/maui-128/.m2/repository/org/hibernate/common/hibernate-commons-annotations/5.1.2.Final/hibernate-commons-annotations-5.1.2.Final.jar:/home/maui-128/.m2/repository/org/glassfish/jaxb/jaxb-runtime/2.3.5/jaxb-runtime-2.3.5.jar:/home/maui-128/.m2/repository/org/glassfish/jaxb/txw2/2.3.5/txw2-2.3.5.jar:/home/maui-128/.m2/repository/com/sun/istack/istack-commons-runtime/3.0.12/istack-commons-runtime-3.0.12.jar:/home/maui-128/.m2/repository/com/sun/activation/jakarta.activation/1.2.2/jakarta.activation-1.2.2.jar:/home/maui-128/.m2/repository/org/springframework/data/spring-data-jpa/2.5.5/spring-data-jpa-2.5.5.jar:/home/maui-128/.m2/repository/org/springframework/data/spring-data-commons/2.5.5/spring-data-commons-2.5.5.jar:/home/maui-128/.m2/repository/org/springframework/spring-orm/5.3.10/spring-orm-5.3.10.jar:/home/maui-128/.m2/repository/org/springframework/spring-context/5.3.10/spring-context-5.3.10.jar:/home/maui-128/.m2/repository/org/springframework/spring-tx/5.3.10/spring-tx-5.3.10.jar:/home/maui-128/.m2/repository/org/springframework/spring-aspects/5.3.10/spring-aspects-5.3.10.jar:/home/maui-128/.m2/repository/org/springframework/boot/spring-boot-starter-web/2.5.5/spring-boot-starter-web-2.5.5.jar:/home/maui-128/.m2/repository/org/springframework/boot/spring-boot-starter/2.5.5/spring-boot-starter-2.5.5.jar:/home/maui-128/.m2/repository/org/springframework/boot/spring-boot/2.5.5/spring-boot-2.5.5.jar:/home/maui-128/.m2/repository/org/springframework/boot/spring-boot-autoconfigure/2.5.5/spring-boot-autoconfigure-2.5.5.jar:/home/maui-128/.m2/repository/org/springframework/boot/spring-boot-starter-logging/2.5.5/spring-boot-starter-logging-2.5.5.jar:/home/maui-128/.m2/repository/ch/qos/logback/logback-classic/1.2.6/logback-classic-1.2.6.jar:/home/maui-128/.m2/repository/ch/qos/logback/logback-core/1.2.6/logback-core-1.2.6.jar:/home/maui-128/.m2/repository/org/apache/logging/log4j/log4j-to-slf4j/2.14.1/log4j-to-slf4j-2.14.1.jar:/home/maui-128/.m2/repository/org/slf4j/jul-to-slf4j/1.7.32/jul-to-slf4j-1.7.32.jar:/home/maui-128/.m2/repository/jakarta/annotation/jakarta.annotation-api/1.3.5/jakarta.annotation-api-1.3.5.jar:/home/maui-128/.m2/repository/org/yaml/snakeyaml/1.28/snakeyaml-1.28.jar:/home/maui-128/.m2/repository/org/springframework/boot/spring-boot-starter-json/2.5.5/spring-boot-starter-json-2.5.5.jar:/home/maui-128/.m2/repository/com/fasterxml/jackson/core/jackson-databind/2.12.5/jackson-databind-2.12.5.jar:/home/maui-128/.m2/repository/com/fasterxml/jackson/core/jackson-annotations/2.12.5/jackson-annotations-2.12.5.jar:/home/maui-128/.m2/repository/com/fasterxml/jackson/datatype/jackson-datatype-jdk8/2.12.5/jackson-datatype-jdk8-2.12.5.jar:/home/maui-128/.m2/repository/com/fasterxml/jackson/datatype/jackson-datatype-jsr310/2.12.5/jackson-datatype-jsr310-2.12.5.jar:/home/maui-128/.m2/repository/com/fasterxml/jackson/module/jackson-module-parameter-names/2.12.5/jackson-module-parameter-names-2.12.5.jar:/home/maui-128/.m2/repository/org/springframework/boot/spring-boot-starter-tomcat/2.5.5/spring-boot-starter-tomcat-2.5.5.jar:/home/maui-128/.m2/repository/org/apache/tomcat/embed/tomcat-embed-core/9.0.53/tomcat-embed-core-9.0.53.jar:/home/maui-128/.m2/repository/org/apache/tomcat/embed/tomcat-embed-el/9.0.53/tomcat-embed-el-9.0.53.jar:/home/maui-128/.m2/repository/org/apache/tomcat/embed/tomcat-embed-websocket/9.0.53/tomcat-embed-websocket-9.0.53.jar:/home/maui-128/.m2/repository/org/springframework/spring-web/5.3.10/spring-web-5.3.10.jar:/home/maui-128/.m2/repository/org/springframework/spring-webmvc/5.3.10/spring-webmvc-5.3.10.jar:/home/maui-128/.m2/repository/org/springframework/spring-expression/5.3.10/spring-expression-5.3.10.jar:/home/maui-128/.m2/repository/mysql/mysql-connector-java/8.0.26/mysql-connector-java-8.0.26.jar:/home/maui-128/.m2/repository/org/projectlombok/lombok/1.18.20/lombok-1.18.20.jar:/home/maui-128/.m2/repository/org/springframework/boot/spring-boot-starter-test/2.5.5/spring-boot-starter-test-2.5.5.jar:/home/maui-128/.m2/repository/org/springframework/boot/spring-boot-test/2.5.5/spring-boot-test-2.5.5.jar:/home/maui-128/.m2/repository/org/springframework/boot/spring-boot-test-autoconfigure/2.5.5/spring-boot-test-autoconfigure-2.5.5.jar:/home/maui-128/.m2/repository/com/jayway/jsonpath/json-path/2.5.0/json-path-2.5.0.jar:/home/maui-128/.m2/repository/net/minidev/json-smart/2.4.7/json-smart-2.4.7.jar:/home/maui-128/.m2/repository/net/minidev/accessors-smart/2.4.7/accessors-smart-2.4.7.jar:/home/maui-128/.m2/repository/org/ow2/asm/asm/9.1/asm-9.1.jar:/home/maui-128/.m2/repository/jakarta/xml/bind/jakarta.xml.bind-api/2.3.3/jakarta.xml.bind-api-2.3.3.jar:/home/maui-128/.m2/repository/jakarta/activation/jakarta.activation-api/1.2.2/jakarta.activation-api-1.2.2.jar:/home/maui-128/.m2/repository/org/assertj/assertj-core/3.19.0/assertj-core-3.19.0.jar:/home/maui-128/.m2/repository/org/hamcrest/hamcrest/2.2/hamcrest-2.2.jar:/home/maui-128/.m2/repository/org/junit/jupiter/junit-jupiter/5.7.2/junit-jupiter-5.7.2.jar:/home/maui-128/.m2/repository/org/junit/jupiter/junit-jupiter-params/5.7.2/junit-jupiter-params-5.7.2.jar:/home/maui-128/.m2/repository/org/mockito/mockito-core/3.9.0/mockito-core-3.9.0.jar:/home/maui-128/.m2/repository/net/bytebuddy/byte-buddy-agent/1.10.22/byte-buddy-agent-1.10.22.jar:/home/maui-128/.m2/repository/org/objenesis/objenesis/3.2/objenesis-3.2.jar:/home/maui-128/.m2/repository/org/mockito/mockito-junit-jupiter/3.9.0/mockito-junit-jupiter-3.9.0.jar:/home/maui-128/.m2/repository/org/skyscreamer/jsonassert/1.5.0/jsonassert-1.5.0.jar:/home/maui-128/.m2/repository/com/vaadin/external/google/android-json/0.0.20131108.vaadin1/android-json-0.0.20131108.vaadin1.jar:/home/maui-128/.m2/repository/org/springframework/spring-core/5.3.10/spring-core-5.3.10.jar:/home/maui-128/.m2/repository/org/springframework/spring-jcl/5.3.10/spring-jcl-5.3.10.jar:/home/maui-128/.m2/repository/org/springframework/spring-test/5.3.10/spring-test-5.3.10.jar:/home/maui-128/.m2/repository/org/xmlunit/xmlunit-core/2.8.2/xmlunit-core-2.8.2.jar:/home/maui-128/.m2/repository/org/springframework/security/spring-security-test/5.5.2/spring-security-test-5.5.2.jar:/home/maui-128/.m2/repository/org/springframework/security/spring-security-core/5.5.2/spring-security-core-5.5.2.jar:/home/maui-128/.m2/repository/org/springframework/security/spring-security-crypto/5.5.2/spring-security-crypto-5.5.2.jar:/home/maui-128/.m2/repository/org/springframework/security/spring-security-web/5.5.2/spring-security-web-5.5.2.jar:/home/maui-128/.m2/repository/org/springdoc/springdoc-openapi-ui/1.5.2/springdoc-openapi-ui-1.5.2.jar:/home/maui-128/.m2/repository/org/springdoc/springdoc-openapi-webmvc-core/1.5.2/springdoc-openapi-webmvc-core-1.5.2.jar:/home/maui-128/.m2/repository/org/springdoc/springdoc-openapi-common/1.5.2/springdoc-openapi-common-1.5.2.jar:/home/maui-128/.m2/repository/io/swagger/core/v3/swagger-models/2.1.6/swagger-models-2.1.6.jar:/home/maui-128/.m2/repository/io/swagger/core/v3/swagger-annotations/2.1.6/swagger-annotations-2.1.6.jar:/home/maui-128/.m2/repository/io/swagger/core/v3/swagger-integration/2.1.6/swagger-integration-2.1.6.jar:/home/maui-128/.m2/repository/io/swagger/core/v3/swagger-core/2.1.6/swagger-core-2.1.6.jar:/home/maui-128/.m2/repository/com/fasterxml/jackson/dataformat/jackson-dataformat-yaml/2.12.5/jackson-dataformat-yaml-2.12.5.jar:/home/maui-128/.m2/repository/jakarta/validation/jakarta.validation-api/2.0.2/jakarta.validation-api-2.0.2.jar:/home/maui-128/.m2/repository/io/github/classgraph/classgraph/4.8.69/classgraph-4.8.69.jar:/home/maui-128/.m2/repository/org/webjars/swagger-ui/3.38.0/swagger-ui-3.38.0.jar:/home/maui-128/.m2/repository/org/webjars/webjars-locator-core/0.46/webjars-locator-core-0.46.jar:/home/maui-128/.m2/repository/com/fasterxml/jackson/core/jackson-core/2.12.5/jackson-core-2.12.5.jar:/home/maui-128/.m2/repository/commons-io/commons-io/2.6/commons-io-2.6.jar:/home/maui-128/.m2/repository/org/apache/commons/commons-lang3/3.12.0/commons-lang3-3.12.0.jar:/home/maui-128/.m2/repository/org/springframework/cloud/spring-cloud-aws-core/2.2.6.RELEASE/spring-cloud-aws-core-2.2.6.RELEASE.jar:/home/maui-128/.m2/repository/org/springframework/spring-beans/5.3.10/spring-beans-5.3.10.jar:/home/maui-128/.m2/repository/org/springframework/spring-aop/5.3.10/spring-aop-5.3.10.jar:/home/maui-128/.m2/repository/com/amazonaws/aws-java-sdk-core/1.11.792/aws-java-sdk-core-1.11.792.jar:/home/maui-128/.m2/repository/org/apache/httpcomponents/httpclient/4.5.13/httpclient-4.5.13.jar:/home/maui-128/.m2/repository/org/apache/httpcomponents/httpcore/4.4.14/httpcore-4.4.14.jar:/home/maui-128/.m2/repository/commons-codec/commons-codec/1.15/commons-codec-1.15.jar:/home/maui-128/.m2/repository/software/amazon/ion/ion-java/1.0.2/ion-java-1.0.2.jar:/home/maui-128/.m2/repository/com/fasterxml/jackson/dataformat/jackson-dataformat-cbor/2.12.5/jackson-dataformat-cbor-2.12.5.jar:/home/maui-128/.m2/repository/joda-time/joda-time/2.8.1/joda-time-2.8.1.jar:/home/maui-128/.m2/repository/com/amazonaws/aws-java-sdk-s3/1.11.792/aws-java-sdk-s3-1.11.792.jar:/home/maui-128/.m2/repository/com/amazonaws/aws-java-sdk-kms/1.11.792/aws-java-sdk-kms-1.11.792.jar:/home/maui-128/.m2/repository/com/amazonaws/jmespath-java/1.11.792/jmespath-java-1.11.792.jar:/home/maui-128/.m2/repository/com/amazonaws/aws-java-sdk-ec2/1.11.792/aws-java-sdk-ec2-1.11.792.jar:/home/maui-128/.m2/repository/com/amazonaws/aws-java-sdk-cloudformation/1.11.792/aws-java-sdk-cloudformation-1.11.792.jar:/home/maui-128/.m2/repository/org/slf4j/slf4j-api/1.7.32/slf4j-api-1.7.32.jar:/home/maui-128/.m2/repository/javax/activation/javax.activation-api/1.2.0/javax.activation-api-1.2.0.jar:"/>
    <property name="sun.cpu.endian" value="little"/>
    <property name="user.home" value="/home/maui-128"/>
    <property name="user.language" value="en"/>
    <property name="java.specification.vendor" value="Oracle Corporation"/>
    <property name="java.version.date" value="2021-07-20"/>
    <property name="java.home" value="/usr/lib/jvm/jdk-16.0.2"/>
    <property name="file.separator" value="/"/>
    <property name="basedir" value="/home/maui-128/Documents/Documentos/Cursos/Globant-mercadoLibre/cuartoBimestre/repositorio/grupo-6/digitalBooking"/>
    <property name="java.vm.compressedOopsMode" value="32-bit"/>
    <property name="line.separator" value="&#10;"/>
    <property name="java.specification.name" value="Java Platform API Specification"/>
    <property name="java.vm.specification.vendor" value="Oracle Corporation"/>
    <property name="FILE_LOG_CHARSET" value="UTF-8"/>
    <property name="java.awt.headless" value="true"/>
    <property name="surefire.real.class.path" value="/home/maui-128/Documents/Documentos/Cursos/Globant-mercadoLibre/cuartoBimestre/repositorio/grupo-6/digitalBooking/target/surefire/surefirebooter17590221247328687961.jar"/>
    <property name="sun.management.compiler" value="HotSpot 64-Bit Tiered Compilers"/>
    <property name="java.runtime.version" value="16.0.2+7-67"/>
    <property name="user.name" value="maui-128"/>
    <property name="path.separator" value=":"/>
    <property name="os.version" value="5.4.0-89-generic"/>
    <property name="java.runtime.name" value="Java(TM) SE Runtime Environment"/>
    <property name="file.encoding" value="UTF-8"/>
    <property name="spring.beaninfo.ignore" value="true"/>
    <property name="java.vm.name" value="Java HotSpot(TM) 64-Bit Server VM"/>
    <property name="localRepository" value="/home/maui-128/.m2/repository"/>
    <property name="java.vendor.url.bug" value="https://bugreport.java.com/bugreport/"/>
    <property name="java.io.tmpdir" value="/tmp"/>
    <property name="idea.version" value="2021.2.3"/>
    <property name="com.zaxxer.hikari.pool_number" value="1"/>
    <property name="java.version" value="16.0.2"/>
    <property name="user.dir" value="/home/maui-128/Documents/Documentos/Cursos/Globant-mercadoLibre/cuartoBimestre/repositorio/grupo-6/digitalBooking"/>
    <property name="os.arch" value="amd64"/>
    <property name="java.vm.specification.name" value="Java Virtual Machine Specification"/>
    <property name="PID" value="42194"/>
    <property name="CONSOLE_LOG_CHARSET" value="UTF-8"/>
    <property name="java.library.path" value="/usr/java/packages/lib:/usr/lib64:/lib64:/lib:/usr/lib"/>
    <property name="java.vm.info" value="mixed mode, sharing"/>
    <property name="java.vendor" value="Oracle Corporation"/>
    <property name="java.vm.version" value="16.0.2+7-67"/>
    <property name="sun.io.unicode.encoding" value="UnicodeLittle"/>
    <property name="java.class.version" value="60.0"/>
  </properties>
  <testcase name="contextLoads" classname="com.booking.main.DigitalBookingApplicationTests" time="0.974">
    <system-out><![CDATA[12:08:31.687 [main] DEBUG org.springframework.test.context.BootstrapUtils - Instantiating CacheAwareContextLoaderDelegate from class [org.springframework.test.context.cache.DefaultCacheAwareContextLoaderDelegate]
12:08:32.054 [main] DEBUG org.springframework.test.context.BootstrapUtils - Instantiating BootstrapContext using constructor [public org.springframework.test.context.support.DefaultBootstrapContext(java.lang.Class,org.springframework.test.context.CacheAwareContextLoaderDelegate)]
12:08:32.208 [main] DEBUG org.springframework.test.context.BootstrapUtils - Instantiating TestContextBootstrapper for test class [com.booking.main.DigitalBookingApplicationTests] from class [org.springframework.boot.test.context.SpringBootTestContextBootstrapper]
12:08:32.824 [main] INFO org.springframework.boot.test.context.SpringBootTestContextBootstrapper - Neither @ContextConfiguration nor @ContextHierarchy found for test class [com.booking.main.DigitalBookingApplicationTests], using SpringBootContextLoader
12:08:32.858 [main] DEBUG org.springframework.test.context.support.AbstractContextLoader - Did not detect default resource location for test class [com.booking.main.DigitalBookingApplicationTests]: class path resource [com/booking/main/DigitalBookingApplicationTests-context.xml] does not exist
12:08:32.859 [main] DEBUG org.springframework.test.context.support.AbstractContextLoader - Did not detect default resource location for test class [com.booking.main.DigitalBookingApplicationTests]: class path resource [com/booking/main/DigitalBookingApplicationTestsContext.groovy] does not exist
12:08:32.860 [main] INFO org.springframework.test.context.support.AbstractContextLoader - Could not detect default resource locations for test class [com.booking.main.DigitalBookingApplicationTests]: no resource found for suffixes {-context.xml, Context.groovy}.
12:08:32.862 [main] INFO org.springframework.test.context.support.AnnotationConfigContextLoaderUtils - Could not detect default configuration classes for test class [com.booking.main.DigitalBookingApplicationTests]: DigitalBookingApplicationTests does not declare any static, non-private, non-final, nested classes annotated with @Configuration.
12:08:32.973 [main] DEBUG org.springframework.test.context.support.ActiveProfilesUtils - Could not find an 'annotation declaring class' for annotation type [org.springframework.test.context.ActiveProfiles] and class [com.booking.main.DigitalBookingApplicationTests]
12:08:33.124 [main] DEBUG org.springframework.context.annotation.ClassPathScanningCandidateComponentProvider - Identified candidate component class: file [/home/maui-128/Documents/Documentos/Cursos/Globant-mercadoLibre/cuartoBimestre/repositorio/grupo-6/digitalBooking/target/classes/com/booking/DigitalBookingApplication.class]
12:08:33.127 [main] INFO org.springframework.boot.test.context.SpringBootTestContextBootstrapper - Found @SpringBootConfiguration com.booking.DigitalBookingApplication for test class com.booking.main.DigitalBookingApplicationTests
12:08:33.482 [main] DEBUG org.springframework.boot.test.context.SpringBootTestContextBootstrapper - @TestExecutionListeners is not present for class [com.booking.main.DigitalBookingApplicationTests]: using defaults.
12:08:33.483 [main] INFO org.springframework.boot.test.context.SpringBootTestContextBootstrapper - Loaded default TestExecutionListener class names from location [META-INF/spring.factories]: [org.springframework.boot.test.mock.mockito.MockitoTestExecutionListener, org.springframework.boot.test.mock.mockito.ResetMocksTestExecutionListener, org.springframework.boot.test.autoconfigure.restdocs.RestDocsTestExecutionListener, org.springframework.boot.test.autoconfigure.web.client.MockRestServiceServerResetTestExecutionListener, org.springframework.boot.test.autoconfigure.web.servlet.MockMvcPrintOnlyOnFailureTestExecutionListener, org.springframework.boot.test.autoconfigure.web.servlet.WebDriverTestExecutionListener, org.springframework.boot.test.autoconfigure.webservices.client.MockWebServiceServerTestExecutionListener, org.springframework.test.context.web.ServletTestExecutionListener, org.springframework.test.context.support.DirtiesContextBeforeModesTestExecutionListener, org.springframework.test.context.event.ApplicationEventsTestExecutionListener, org.springframework.test.context.support.DependencyInjectionTestExecutionListener, org.springframework.test.context.support.DirtiesContextTestExecutionListener, org.springframework.test.context.transaction.TransactionalTestExecutionListener, org.springframework.test.context.jdbc.SqlScriptsTestExecutionListener, org.springframework.test.context.event.EventPublishingTestExecutionListener, org.springframework.security.test.context.support.WithSecurityContextTestExecutionListener, org.springframework.security.test.context.support.ReactorContextTestExecutionListener]
12:08:33.570 [main] INFO org.springframework.boot.test.context.SpringBootTestContextBootstrapper - Using TestExecutionListeners: [org.springframework.test.context.web.ServletTestExecutionListener@77102b91, org.springframework.test.context.support.DirtiesContextBeforeModesTestExecutionListener@45312be2, org.springframework.test.context.event.ApplicationEventsTestExecutionListener@7fb95505, org.springframework.boot.test.mock.mockito.MockitoTestExecutionListener@58be6e8, org.springframework.boot.test.autoconfigure.SpringBootDependencyInjectionTestExecutionListener@7331196b, org.springframework.test.context.support.DirtiesContextTestExecutionListener@3f9342d4, org.springframework.test.context.transaction.TransactionalTestExecutionListener@ab7395e, org.springframework.test.context.jdbc.SqlScriptsTestExecutionListener@50d13246, org.springframework.test.context.event.EventPublishingTestExecutionListener@2bd08376, org.springframework.security.test.context.support.WithSecurityContextTestExecutionListener@e70f13a, org.springframework.security.test.context.support.ReactorContextTestExecutionListener@3d3e5463, org.springframework.boot.test.mock.mockito.ResetMocksTestExecutionListener@64a40280, org.springframework.boot.test.autoconfigure.restdocs.RestDocsTestExecutionListener@4b40f651, org.springframework.boot.test.autoconfigure.web.client.MockRestServiceServerResetTestExecutionListener@42b02722, org.springframework.boot.test.autoconfigure.web.servlet.MockMvcPrintOnlyOnFailureTestExecutionListener@d62fe5b, org.springframework.boot.test.autoconfigure.web.servlet.WebDriverTestExecutionListener@49964d75, org.springframework.boot.test.autoconfigure.webservices.client.MockWebServiceServerTestExecutionListener@528c868]
12:08:33.575 [main] DEBUG org.springframework.test.context.support.AbstractDirtiesContextTestExecutionListener - Before test class: context [DefaultTestContext@5bf8fa12 testClass = DigitalBookingApplicationTests, testInstance = [null], testMethod = [null], testException = [null], mergedContextConfiguration = [WebMergedContextConfiguration@29ca3d04 testClass = DigitalBookingApplicationTests, locations = '{}', classes = '{class com.booking.DigitalBookingApplication}', contextInitializerClasses = '[]', activeProfiles = '{}', propertySourceLocations = '{}', propertySourceProperties = '{org.springframework.boot.test.context.SpringBootTestContextBootstrapper=true}', contextCustomizers = set[org.springframework.boot.test.context.filter.ExcludeFilterContextCustomizer@ea6147e, org.springframework.boot.test.json.DuplicateJsonObjectContextCustomizerFactory$DuplicateJsonObjectContextCustomizer@1e683a3e, org.springframework.boot.test.mock.mockito.MockitoContextCustomizer@0, org.springframework.boot.test.web.client.TestRestTemplateContextCustomizer@fba92d3, org.springframework.boot.test.autoconfigure.actuate.metrics.MetricsExportContextCustomizerFactory$DisableMetricExportContextCustomizer@25084a1e, org.springframework.boot.test.autoconfigure.properties.PropertyMappingContextCustomizer@0, org.springframework.boot.test.autoconfigure.web.servlet.WebDriverContextCustomizerFactory$Customizer@1a18644, org.springframework.boot.test.context.SpringBootTestArgs@1, org.springframework.boot.test.context.SpringBootTestWebEnvironment@3043fe0e], resourceBasePath = 'src/main/webapp', contextLoader = 'org.springframework.boot.test.context.SpringBootContextLoader', parent = [null]], attributes = map['org.springframework.test.context.web.ServletTestExecutionListener.activateListener' -> true]], class annotated with @DirtiesContext [false] with mode [null].
12:08:33.642 [main] DEBUG org.springframework.test.context.support.TestPropertySourceUtils - Adding inlined properties to environment: {spring.jmx.enabled=false, org.springframework.boot.test.context.SpringBootTestContextBootstrapper=true}

  .   ____          _            __ _ _
 /\\ / ___'_ __ _ _(_)_ __  __ _ \ \ \ \
( ( )\___ | '_ | '_| | '_ \/ _` | \ \ \ \
 \\/  ___)| |_)| | | | | || (_| |  ) ) ) )
  '  |____| .__|_| |_|_| |_\__, | / / / /
 =========|_|==============|___/=/_/_/_/
 :: Spring Boot ::                (v2.5.5)

2021-11-16 12:08:34.587  INFO 42194 --- [           main] c.b.main.DigitalBookingApplicationTests  : Starting DigitalBookingApplicationTests using Java 16.0.2 on maui128-mint with PID 42194 (started by maui-128 in /home/maui-128/Documents/Documentos/Cursos/Globant-mercadoLibre/cuartoBimestre/repositorio/grupo-6/digitalBooking)
2021-11-16 12:08:34.594  INFO 42194 --- [           main] c.b.main.DigitalBookingApplicationTests  : No active profile set, falling back to default profiles: default
2021-11-16 12:08:37.088  INFO 42194 --- [           main] .s.d.r.c.RepositoryConfigurationDelegate : Bootstrapping Spring Data JPA repositories in DEFAULT mode.
2021-11-16 12:08:37.213  INFO 42194 --- [           main] .s.d.r.c.RepositoryConfigurationDelegate : Finished Spring Data repository scanning in 111 ms. Found 3 JPA repository interfaces.
2021-11-16 12:08:38.399  INFO 42194 --- [           main] o.hibernate.jpa.internal.util.LogHelper  : HHH000204: Processing PersistenceUnitInfo [name: default]
2021-11-16 12:08:38.565  INFO 42194 --- [           main] org.hibernate.Version                    : HHH000412: Hibernate ORM core version 5.4.32.Final
2021-11-16 12:08:38.817  INFO 42194 --- [           main] o.hibernate.annotations.common.Version   : HCANN000001: Hibernate Commons Annotations {5.1.2.Final}
2021-11-16 12:08:39.114  INFO 42194 --- [           main] com.zaxxer.hikari.HikariDataSource       : HikariPool-1 - Starting...
2021-11-16 12:08:39.181  WARN 42194 --- [           main] o.h.e.j.e.i.JdbcEnvironmentInitiator     : HHH000342: Could not obtain connection to query metadata

java.lang.RuntimeException: Driver com.mysql.cj.jdbc.Driver claims to not accept jdbcUrl, ${jdbc.database.url}
	at com.zaxxer.hikari.util.DriverDataSource.<init>(DriverDataSource.java:110) ~[HikariCP-4.0.3.jar:na]
	at com.zaxxer.hikari.pool.PoolBase.initializeDataSource(PoolBase.java:331) ~[HikariCP-4.0.3.jar:na]
	at com.zaxxer.hikari.pool.PoolBase.<init>(PoolBase.java:114) ~[HikariCP-4.0.3.jar:na]
	at com.zaxxer.hikari.pool.HikariPool.<init>(HikariPool.java:108) ~[HikariCP-4.0.3.jar:na]
	at com.zaxxer.hikari.HikariDataSource.getConnection(HikariDataSource.java:112) ~[HikariCP-4.0.3.jar:na]
	at org.hibernate.engine.jdbc.connections.internal.DatasourceConnectionProviderImpl.getConnection(DatasourceConnectionProviderImpl.java:122) ~[hibernate-core-5.4.32.Final.jar:5.4.32.Final]
	at org.hibernate.engine.jdbc.env.internal.JdbcEnvironmentInitiator$ConnectionProviderJdbcConnectionAccess.obtainConnection(JdbcEnvironmentInitiator.java:180) ~[hibernate-core-5.4.32.Final.jar:5.4.32.Final]
	at org.hibernate.engine.jdbc.env.internal.JdbcEnvironmentInitiator.initiateService(JdbcEnvironmentInitiator.java:68) ~[hibernate-core-5.4.32.Final.jar:5.4.32.Final]
	at org.hibernate.engine.jdbc.env.internal.JdbcEnvironmentInitiator.initiateService(JdbcEnvironmentInitiator.java:35) ~[hibernate-core-5.4.32.Final.jar:5.4.32.Final]
	at org.hibernate.boot.registry.internal.StandardServiceRegistryImpl.initiateService(StandardServiceRegistryImpl.java:101) ~[hibernate-core-5.4.32.Final.jar:5.4.32.Final]
	at org.hibernate.service.internal.AbstractServiceRegistryImpl.createService(AbstractServiceRegistryImpl.java:263) ~[hibernate-core-5.4.32.Final.jar:5.4.32.Final]
	at org.hibernate.service.internal.AbstractServiceRegistryImpl.initializeService(AbstractServiceRegistryImpl.java:237) ~[hibernate-core-5.4.32.Final.jar:5.4.32.Final]
	at org.hibernate.service.internal.AbstractServiceRegistryImpl.getService(AbstractServiceRegistryImpl.java:214) ~[hibernate-core-5.4.32.Final.jar:5.4.32.Final]
	at org.hibernate.id.factory.internal.DefaultIdentifierGeneratorFactory.injectServices(DefaultIdentifierGeneratorFactory.java:152) ~[hibernate-core-5.4.32.Final.jar:5.4.32.Final]
	at org.hibernate.service.internal.AbstractServiceRegistryImpl.injectDependencies(AbstractServiceRegistryImpl.java:286) ~[hibernate-core-5.4.32.Final.jar:5.4.32.Final]
	at org.hibernate.service.internal.AbstractServiceRegistryImpl.initializeService(AbstractServiceRegistryImpl.java:243) ~[hibernate-core-5.4.32.Final.jar:5.4.32.Final]
	at org.hibernate.service.internal.AbstractServiceRegistryImpl.getService(AbstractServiceRegistryImpl.java:214) ~[hibernate-core-5.4.32.Final.jar:5.4.32.Final]
	at org.hibernate.boot.internal.InFlightMetadataCollectorImpl.<init>(InFlightMetadataCollectorImpl.java:176) ~[hibernate-core-5.4.32.Final.jar:5.4.32.Final]
	at org.hibernate.boot.model.process.spi.MetadataBuildingProcess.complete(MetadataBuildingProcess.java:127) ~[hibernate-core-5.4.32.Final.jar:5.4.32.Final]
	at org.hibernate.jpa.boot.internal.EntityManagerFactoryBuilderImpl.metadata(EntityManagerFactoryBuilderImpl.java:1224) ~[hibernate-core-5.4.32.Final.jar:5.4.32.Final]
	at org.hibernate.jpa.boot.internal.EntityManagerFactoryBuilderImpl.build(EntityManagerFactoryBuilderImpl.java:1255) ~[hibernate-core-5.4.32.Final.jar:5.4.32.Final]
	at org.springframework.orm.jpa.vendor.SpringHibernateJpaPersistenceProvider.createContainerEntityManagerFactory(SpringHibernateJpaPersistenceProvider.java:58) ~[spring-orm-5.3.10.jar:5.3.10]
	at org.springframework.orm.jpa.LocalContainerEntityManagerFactoryBean.createNativeEntityManagerFactory(LocalContainerEntityManagerFactoryBean.java:365) ~[spring-orm-5.3.10.jar:5.3.10]
	at org.springframework.orm.jpa.AbstractEntityManagerFactoryBean.buildNativeEntityManagerFactory(AbstractEntityManagerFactoryBean.java:409) ~[spring-orm-5.3.10.jar:5.3.10]
	at org.springframework.orm.jpa.AbstractEntityManagerFactoryBean.afterPropertiesSet(AbstractEntityManagerFactoryBean.java:396) ~[spring-orm-5.3.10.jar:5.3.10]
	at org.springframework.orm.jpa.LocalContainerEntityManagerFactoryBean.afterPropertiesSet(LocalContainerEntityManagerFactoryBean.java:341) ~[spring-orm-5.3.10.jar:5.3.10]
	at org.springframework.beans.factory.support.AbstractAutowireCapableBeanFactory.invokeInitMethods(AbstractAutowireCapableBeanFactory.java:1863) ~[spring-beans-5.3.10.jar:5.3.10]
	at org.springframework.beans.factory.support.AbstractAutowireCapableBeanFactory.initializeBean(AbstractAutowireCapableBeanFactory.java:1800) ~[spring-beans-5.3.10.jar:5.3.10]
	at org.springframework.beans.factory.support.AbstractAutowireCapableBeanFactory.doCreateBean(AbstractAutowireCapableBeanFactory.java:620) ~[spring-beans-5.3.10.jar:5.3.10]
	at org.springframework.beans.factory.support.AbstractAutowireCapableBeanFactory.createBean(AbstractAutowireCapableBeanFactory.java:542) ~[spring-beans-5.3.10.jar:5.3.10]
	at org.springframework.beans.factory.support.AbstractBeanFactory.lambda$doGetBean$0(AbstractBeanFactory.java:335) ~[spring-beans-5.3.10.jar:5.3.10]
	at org.springframework.beans.factory.support.DefaultSingletonBeanRegistry.getSingleton(DefaultSingletonBeanRegistry.java:234) ~[spring-beans-5.3.10.jar:5.3.10]
	at org.springframework.beans.factory.support.AbstractBeanFactory.doGetBean(AbstractBeanFactory.java:333) ~[spring-beans-5.3.10.jar:5.3.10]
	at org.springframework.beans.factory.support.AbstractBeanFactory.getBean(AbstractBeanFactory.java:208) ~[spring-beans-5.3.10.jar:5.3.10]
	at org.springframework.context.support.AbstractApplicationContext.getBean(AbstractApplicationContext.java:1154) ~[spring-context-5.3.10.jar:5.3.10]
	at org.springframework.context.support.AbstractApplicationContext.finishBeanFactoryInitialization(AbstractApplicationContext.java:908) ~[spring-context-5.3.10.jar:5.3.10]
	at org.springframework.context.support.AbstractApplicationContext.refresh(AbstractApplicationContext.java:583) ~[spring-context-5.3.10.jar:5.3.10]
	at org.springframework.boot.SpringApplication.refresh(SpringApplication.java:754) ~[spring-boot-2.5.5.jar:2.5.5]
	at org.springframework.boot.SpringApplication.refreshContext(SpringApplication.java:434) ~[spring-boot-2.5.5.jar:2.5.5]
	at org.springframework.boot.SpringApplication.run(SpringApplication.java:338) ~[spring-boot-2.5.5.jar:2.5.5]
	at org.springframework.boot.test.context.SpringBootContextLoader.loadContext(SpringBootContextLoader.java:123) ~[spring-boot-test-2.5.5.jar:2.5.5]
	at org.springframework.test.context.cache.DefaultCacheAwareContextLoaderDelegate.loadContextInternal(DefaultCacheAwareContextLoaderDelegate.java:99) ~[spring-test-5.3.10.jar:5.3.10]
	at org.springframework.test.context.cache.DefaultCacheAwareContextLoaderDelegate.loadContext(DefaultCacheAwareContextLoaderDelegate.java:124) ~[spring-test-5.3.10.jar:5.3.10]
	at org.springframework.test.context.support.DefaultTestContext.getApplicationContext(DefaultTestContext.java:124) ~[spring-test-5.3.10.jar:5.3.10]
	at org.springframework.test.context.web.ServletTestExecutionListener.setUpRequestContextIfNecessary(ServletTestExecutionListener.java:190) ~[spring-test-5.3.10.jar:5.3.10]
	at org.springframework.test.context.web.ServletTestExecutionListener.prepareTestInstance(ServletTestExecutionListener.java:132) ~[spring-test-5.3.10.jar:5.3.10]
	at org.springframework.test.context.TestContextManager.prepareTestInstance(TestContextManager.java:248) ~[spring-test-5.3.10.jar:5.3.10]
	at org.springframework.test.context.junit.jupiter.SpringExtension.postProcessTestInstance(SpringExtension.java:138) ~[spring-test-5.3.10.jar:5.3.10]
	at org.junit.jupiter.engine.descriptor.ClassBasedTestDescriptor.lambda$invokeTestInstancePostProcessors$5(ClassBasedTestDescriptor.java:337) ~[junit-jupiter-engine-5.5.2.jar:5.5.2]
	at org.junit.jupiter.engine.descriptor.ClassBasedTestDescriptor.executeAndMaskThrowable(ClassBasedTestDescriptor.java:342) ~[junit-jupiter-engine-5.5.2.jar:5.5.2]
	at org.junit.jupiter.engine.descriptor.ClassBasedTestDescriptor.lambda$invokeTestInstancePostProcessors$6(ClassBasedTestDescriptor.java:337) ~[junit-jupiter-engine-5.5.2.jar:5.5.2]
	at java.base/java.util.stream.ReferencePipeline$3$1.accept(ReferencePipeline.java:197) ~[na:na]
	at java.base/java.util.stream.ReferencePipeline$2$1.accept(ReferencePipeline.java:179) ~[na:na]
	at java.base/java.util.ArrayList$ArrayListSpliterator.forEachRemaining(ArrayList.java:1625) ~[na:na]
	at java.base/java.util.stream.AbstractPipeline.copyInto(AbstractPipeline.java:484) ~[na:na]
	at java.base/java.util.stream.AbstractPipeline.wrapAndCopyInto(AbstractPipeline.java:474) ~[na:na]
	at java.base/java.util.stream.StreamSpliterators$WrappingSpliterator.forEachRemaining(StreamSpliterators.java:312) ~[na:na]
	at java.base/java.util.stream.Streams$ConcatSpliterator.forEachRemaining(Streams.java:735) ~[na:na]
	at java.base/java.util.stream.Streams$ConcatSpliterator.forEachRemaining(Streams.java:734) ~[na:na]
	at java.base/java.util.stream.ReferencePipeline$Head.forEach(ReferencePipeline.java:762) ~[na:na]
	at org.junit.jupiter.engine.descriptor.ClassBasedTestDescriptor.invokeTestInstancePostProcessors(ClassBasedTestDescriptor.java:336) ~[junit-jupiter-engine-5.5.2.jar:5.5.2]
	at org.junit.jupiter.engine.descriptor.ClassBasedTestDescriptor.instantiateAndPostProcessTestInstance(ClassBasedTestDescriptor.java:259) ~[junit-jupiter-engine-5.5.2.jar:5.5.2]
	at org.junit.jupiter.engine.descriptor.ClassBasedTestDescriptor.lambda$testInstancesProvider$2(ClassBasedTestDescriptor.java:252) ~[junit-jupiter-engine-5.5.2.jar:5.5.2]
	at java.base/java.util.Optional.orElseGet(Optional.java:364) ~[na:na]
	at org.junit.jupiter.engine.descriptor.ClassBasedTestDescriptor.lambda$testInstancesProvider$3(ClassBasedTestDescriptor.java:251) ~[junit-jupiter-engine-5.5.2.jar:5.5.2]
	at org.junit.jupiter.engine.execution.TestInstancesProvider.getTestInstances(TestInstancesProvider.java:29) ~[junit-jupiter-engine-5.5.2.jar:5.5.2]
	at org.junit.jupiter.engine.descriptor.TestMethodTestDescriptor.lambda$prepare$0(TestMethodTestDescriptor.java:106) ~[junit-jupiter-engine-5.5.2.jar:5.5.2]
	at org.junit.platform.engine.support.hierarchical.ThrowableCollector.execute(ThrowableCollector.java:73) ~[junit-platform-engine-1.7.2.jar:1.7.2]
	at org.junit.jupiter.engine.descriptor.TestMethodTestDescriptor.prepare(TestMethodTestDescriptor.java:105) ~[junit-jupiter-engine-5.5.2.jar:5.5.2]
	at org.junit.jupiter.engine.descriptor.TestMethodTestDescriptor.prepare(TestMethodTestDescriptor.java:69) ~[junit-jupiter-engine-5.5.2.jar:5.5.2]
	at org.junit.platform.engine.support.hierarchical.NodeTestTask.lambda$prepare$1(NodeTestTask.java:111) ~[junit-platform-engine-1.7.2.jar:1.7.2]
	at org.junit.platform.engine.support.hierarchical.ThrowableCollector.execute(ThrowableCollector.java:73) ~[junit-platform-engine-1.7.2.jar:1.7.2]
	at org.junit.platform.engine.support.hierarchical.NodeTestTask.prepare(NodeTestTask.java:111) ~[junit-platform-engine-1.7.2.jar:1.7.2]
	at org.junit.platform.engine.support.hierarchical.NodeTestTask.execute(NodeTestTask.java:79) ~[junit-platform-engine-1.7.2.jar:1.7.2]
	at java.base/java.util.ArrayList.forEach(ArrayList.java:1511) ~[na:na]
	at org.junit.platform.engine.support.hierarchical.SameThreadHierarchicalTestExecutorService.invokeAll(SameThreadHierarchicalTestExecutorService.java:38) ~[junit-platform-engine-1.7.2.jar:1.7.2]
	at org.junit.platform.engine.support.hierarchical.NodeTestTask.lambda$executeRecursively$5(NodeTestTask.java:143) ~[junit-platform-engine-1.7.2.jar:1.7.2]
	at org.junit.platform.engine.support.hierarchical.ThrowableCollector.execute(ThrowableCollector.java:73) ~[junit-platform-engine-1.7.2.jar:1.7.2]
	at org.junit.platform.engine.support.hierarchical.NodeTestTask.lambda$executeRecursively$7(NodeTestTask.java:129) ~[junit-platform-engine-1.7.2.jar:1.7.2]
	at org.junit.platform.engine.support.hierarchical.Node.around(Node.java:137) ~[junit-platform-engine-1.7.2.jar:1.7.2]
	at org.junit.platform.engine.support.hierarchical.NodeTestTask.lambda$executeRecursively$8(NodeTestTask.java:127) ~[junit-platform-engine-1.7.2.jar:1.7.2]
	at org.junit.platform.engine.support.hierarchical.ThrowableCollector.execute(ThrowableCollector.java:73) ~[junit-platform-engine-1.7.2.jar:1.7.2]
	at org.junit.platform.engine.support.hierarchical.NodeTestTask.executeRecursively(NodeTestTask.java:126) ~[junit-platform-engine-1.7.2.jar:1.7.2]
	at org.junit.platform.engine.support.hierarchical.NodeTestTask.execute(NodeTestTask.java:84) ~[junit-platform-engine-1.7.2.jar:1.7.2]
	at java.base/java.util.ArrayList.forEach(ArrayList.java:1511) ~[na:na]
	at org.junit.platform.engine.support.hierarchical.SameThreadHierarchicalTestExecutorService.invokeAll(SameThreadHierarchicalTestExecutorService.java:38) ~[junit-platform-engine-1.7.2.jar:1.7.2]
	at org.junit.platform.engine.support.hierarchical.NodeTestTask.lambda$executeRecursively$5(NodeTestTask.java:143) ~[junit-platform-engine-1.7.2.jar:1.7.2]
	at org.junit.platform.engine.support.hierarchical.ThrowableCollector.execute(ThrowableCollector.java:73) ~[junit-platform-engine-1.7.2.jar:1.7.2]
	at org.junit.platform.engine.support.hierarchical.NodeTestTask.lambda$executeRecursively$7(NodeTestTask.java:129) ~[junit-platform-engine-1.7.2.jar:1.7.2]
	at org.junit.platform.engine.support.hierarchical.Node.around(Node.java:137) ~[junit-platform-engine-1.7.2.jar:1.7.2]
	at org.junit.platform.engine.support.hierarchical.NodeTestTask.lambda$executeRecursively$8(NodeTestTask.java:127) ~[junit-platform-engine-1.7.2.jar:1.7.2]
	at org.junit.platform.engine.support.hierarchical.ThrowableCollector.execute(ThrowableCollector.java:73) ~[junit-platform-engine-1.7.2.jar:1.7.2]
	at org.junit.platform.engine.support.hierarchical.NodeTestTask.executeRecursively(NodeTestTask.java:126) ~[junit-platform-engine-1.7.2.jar:1.7.2]
	at org.junit.platform.engine.support.hierarchical.NodeTestTask.execute(NodeTestTask.java:84) ~[junit-platform-engine-1.7.2.jar:1.7.2]
	at org.junit.platform.engine.support.hierarchical.SameThreadHierarchicalTestExecutorService.submit(SameThreadHierarchicalTestExecutorService.java:32) ~[junit-platform-engine-1.7.2.jar:1.7.2]
	at org.junit.platform.engine.support.hierarchical.HierarchicalTestExecutor.execute(HierarchicalTestExecutor.java:57) ~[junit-platform-engine-1.7.2.jar:1.7.2]
	at org.junit.platform.engine.support.hierarchical.HierarchicalTestEngine.execute(HierarchicalTestEngine.java:51) ~[junit-platform-engine-1.7.2.jar:1.7.2]
	at org.junit.platform.launcher.core.EngineExecutionOrchestrator.execute(EngineExecutionOrchestrator.java:108) ~[junit-platform-launcher-1.7.2.jar:1.7.2]
	at org.junit.platform.launcher.core.EngineExecutionOrchestrator.execute(EngineExecutionOrchestrator.java:88) ~[junit-platform-launcher-1.7.2.jar:1.7.2]
	at org.junit.platform.launcher.core.EngineExecutionOrchestrator.lambda$execute$0(EngineExecutionOrchestrator.java:54) ~[junit-platform-launcher-1.7.2.jar:1.7.2]
	at org.junit.platform.launcher.core.EngineExecutionOrchestrator.withInterceptedStreams(EngineExecutionOrchestrator.java:67) ~[junit-platform-launcher-1.7.2.jar:1.7.2]
	at org.junit.platform.launcher.core.EngineExecutionOrchestrator.execute(EngineExecutionOrchestrator.java:52) ~[junit-platform-launcher-1.7.2.jar:1.7.2]
	at org.junit.platform.launcher.core.DefaultLauncher.execute(DefaultLauncher.java:96) ~[junit-platform-launcher-1.7.2.jar:1.7.2]
	at org.junit.platform.launcher.core.DefaultLauncher.execute(DefaultLauncher.java:75) ~[junit-platform-launcher-1.7.2.jar:1.7.2]
	at org.apache.maven.surefire.junitplatform.JUnitPlatformProvider.execute(JUnitPlatformProvider.java:188) ~[surefire-junit-platform-3.0.0-M5.jar:3.0.0-M5]
	at org.apache.maven.surefire.junitplatform.JUnitPlatformProvider.invokeAllTests(JUnitPlatformProvider.java:154) ~[surefire-junit-platform-3.0.0-M5.jar:3.0.0-M5]
	at org.apache.maven.surefire.junitplatform.JUnitPlatformProvider.invoke(JUnitPlatformProvider.java:128) ~[surefire-junit-platform-3.0.0-M5.jar:3.0.0-M5]
	at org.apache.maven.surefire.booter.ForkedBooter.runSuitesInProcess(ForkedBooter.java:428) ~[surefire-booter-3.0.0-M5.jar:3.0.0-M5]
	at org.apache.maven.surefire.booter.ForkedBooter.execute(ForkedBooter.java:162) ~[surefire-booter-3.0.0-M5.jar:3.0.0-M5]
	at org.apache.maven.surefire.booter.ForkedBooter.run(ForkedBooter.java:562) ~[surefire-booter-3.0.0-M5.jar:3.0.0-M5]
	at org.apache.maven.surefire.booter.ForkedBooter.main(ForkedBooter.java:548) ~[surefire-booter-3.0.0-M5.jar:3.0.0-M5]

2021-11-16 12:08:39.209  INFO 42194 --- [           main] org.hibernate.dialect.Dialect            : HHH000400: Using dialect: org.hibernate.dialect.MySQL8Dialect
2021-11-16 12:08:40.015  INFO 42194 --- [           main] o.h.e.t.j.p.i.JtaPlatformInitiator       : HHH000490: Using JtaPlatform implementation: [org.hibernate.engine.transaction.jta.platform.internal.NoJtaPlatform]
2021-11-16 12:08:40.029  INFO 42194 --- [           main] j.LocalContainerEntityManagerFactoryBean : Initialized JPA EntityManagerFactory for persistence unit 'default'
2021-11-16 12:08:42.738  WARN 42194 --- [           main] JpaBaseConfiguration$JpaWebConfiguration : spring.jpa.open-in-view is enabled by default. Therefore, database queries may be performed during view rendering. Explicitly configure spring.jpa.open-in-view to disable this warning
2021-11-16 12:08:44.559  INFO 42194 --- [           main] c.b.main.DigitalBookingApplicationTests  : Started DigitalBookingApplicationTests in 10.908 seconds (JVM running for 15.765)
]]></system-out>
  </testcase>
</testsuite>